<?xml version="1.0" encoding="UTF-8"?>
<!-- Generated by org.testng.reporters.JUnitXMLReporter -->
<testsuite hostname="ENT51" failures="1" tests="2" name="Test" time="38.662" errors="0" timestamp="18 Feb 2019 13:40:09 GMT">
  <testcase classname="plain.QuestionAdd" name="login" time="11.379"/>
  <testcase classname="plain.QuestionAdd" name="createQuestionManually" time="26.347">
    <failure type="java.lang.ClassCastException" message="class com.aventstack.extentreports.ExtentTest cannot be cast to class com.aventstack.extentreports.markuputils.Markup (com.aventstack.extentreports.ExtentTest and com.aventstack.extentreports.markuputils.Markup are in unnamed module of loader &amp;apos;app&amp;apos;)">
      <![CDATA[java.lang.ClassCastException: class com.aventstack.extentreports.ExtentTest cannot be cast to class com.aventstack.extentreports.markuputils.Markup (com.aventstack.extentreports.ExtentTest and com.aventstack.extentreports.markuputils.Markup are in unnamed module of loader 'app')
	at common.CommonMethods.insideCatch(CommonMethods.java:210)
	at common.CommonMethods.TestfindElement(CommonMethods.java:154)
	at plain.QuestionAdd.createQuestionManually(QuestionAdd.java:170)
... Removed 24 stack frames]]>
    </failure>
  </testcase> <!-- createQuestionManually -->
</testsuite> <!-- Test -->
