<?xml version="1.0" encoding="UTF-8"?>
<testng-results total="1" passed="0" failed="1" skipped="0">
  <reporter-output>
  </reporter-output>
  <suite started-at="2019-02-09T12:33:06Z" name="Suite" finished-at="2019-02-09T12:33:11Z" duration-ms="4837">
    <groups>
    </groups>
    <test started-at="2019-02-09T12:33:06Z" name="Test" finished-at="2019-02-09T12:33:11Z" duration-ms="4837">
      <class name="plain.QuestionAdd">
        <test-method is-config="true" signature="openBrowser()[pri:0, instance:plain.QuestionAdd@13b6aecc]" started-at="2019-02-09T18:03:06Z" name="openBrowser" finished-at="2019-02-09T18:03:06Z" duration-ms="109" status="PASS">
          <reporter-output>
          </reporter-output>
        </test-method> <!-- openBrowser -->
        <test-method is-config="true" signature="beforeTest()[pri:0, instance:plain.QuestionAdd@13b6aecc]" started-at="2019-02-09T18:03:06Z" name="beforeTest" finished-at="2019-02-09T18:03:06Z" duration-ms="234" status="PASS">
          <reporter-output>
          </reporter-output>
        </test-method> <!-- beforeTest -->
        <test-method is-config="true" signature="beforeClass()[pri:0, instance:plain.QuestionAdd@13b6aecc]" started-at="2019-02-09T18:03:06Z" name="beforeClass" finished-at="2019-02-09T18:03:06Z" duration-ms="47" status="PASS">
          <reporter-output>
          </reporter-output>
        </test-method> <!-- beforeClass -->
        <test-method signature="login()[pri:0, instance:plain.QuestionAdd@13b6aecc]" started-at="2019-02-09T18:03:06Z" name="login" description="login to the application" finished-at="2019-02-09T18:03:10Z" duration-ms="4040" status="FAIL">
          <exception class="java.lang.AssertionError">
            <message>
              <![CDATA[expected [200.0] but found [200]]]>
            </message>
            <full-stacktrace>
              <![CDATA[java.lang.AssertionError: expected [200.0] but found [200]
	at org.testng.Assert.fail(Assert.java:94)
	at org.testng.Assert.failNotEquals(Assert.java:494)
	at org.testng.Assert.assertEquals(Assert.java:123)
	at org.testng.Assert.assertEquals(Assert.java:165)
	at plain.QuestionAdd.login(QuestionAdd.java:125)
	at java.base/jdk.internal.reflect.NativeMethodAccessorImpl.invoke0(Native Method)
	at java.base/jdk.internal.reflect.NativeMethodAccessorImpl.invoke(NativeMethodAccessorImpl.java:62)
	at java.base/jdk.internal.reflect.DelegatingMethodAccessorImpl.invoke(DelegatingMethodAccessorImpl.java:43)
	at java.base/java.lang.reflect.Method.invoke(Method.java:566)
	at org.testng.internal.MethodInvocationHelper.invokeMethod(MethodInvocationHelper.java:80)
	at org.testng.internal.Invoker.invokeMethod(Invoker.java:714)
	at org.testng.internal.Invoker.invokeTestMethod(Invoker.java:901)
	at org.testng.internal.Invoker.invokeTestMethods(Invoker.java:1231)
	at org.testng.internal.TestMethodWorker.invokeTestMethods(TestMethodWorker.java:127)
	at org.testng.internal.TestMethodWorker.run(TestMethodWorker.java:111)
	at org.testng.TestRunner.privateRun(TestRunner.java:767)
	at org.testng.TestRunner.run(TestRunner.java:617)
	at org.testng.SuiteRunner.runTest(SuiteRunner.java:334)
	at org.testng.SuiteRunner.runSequentially(SuiteRunner.java:329)
	at org.testng.SuiteRunner.privateRun(SuiteRunner.java:291)
	at org.testng.SuiteRunner.run(SuiteRunner.java:240)
	at org.testng.SuiteRunnerWorker.runSuite(SuiteRunnerWorker.java:52)
	at org.testng.SuiteRunnerWorker.run(SuiteRunnerWorker.java:86)
	at org.testng.TestNG.runSuitesSequentially(TestNG.java:1198)
	at org.testng.TestNG.runSuitesLocally(TestNG.java:1123)
	at org.testng.TestNG.run(TestNG.java:1031)
	at org.testng.remote.AbstractRemoteTestNG.run(AbstractRemoteTestNG.java:114)
	at org.testng.remote.RemoteTestNG.initAndRun(RemoteTestNG.java:251)
	at org.testng.remote.RemoteTestNG.main(RemoteTestNG.java:77)
]]>
            </full-stacktrace>
          </exception> <!-- java.lang.AssertionError -->
          <reporter-output>
          </reporter-output>
        </test-method> <!-- login -->
        <test-method is-config="true" signature="afterTest()[pri:0, instance:plain.QuestionAdd@13b6aecc]" started-at="2019-02-09T18:03:10Z" name="afterTest" finished-at="2019-02-09T18:03:11Z" duration-ms="469" status="PASS">
          <reporter-output>
          </reporter-output>
        </test-method> <!-- afterTest -->
        <test-method is-config="true" signature="closeBrowser()[pri:0, instance:plain.QuestionAdd@13b6aecc]" started-at="2019-02-09T18:03:11Z" name="closeBrowser" finished-at="2019-02-09T18:03:22Z" duration-ms="11182" status="PASS">
          <reporter-output>
          </reporter-output>
        </test-method> <!-- closeBrowser -->
      </class> <!-- plain.QuestionAdd -->
    </test> <!-- Test -->
  </suite> <!-- Suite -->
</testng-results>
